Character spawned at (22, 94)
Chara is attacking!
Chara is attacking!
Chara is attacking!
Chara is attacking!
Chara is attacking!
Chara is attacking!
Chara is attacking!
Chara is attacking!
Chara is attacking!
Chara is attacking!
Chara is attacking!
Chara is attacking!
Chara is attacking!
Chara is attacking!
Chara is attacking!
Chara is attacking!
Chara is attacking!
Chara is attacking!
Item created: Magic Sword with type 1
Weapon created: Magic Sword with level 1
Chara is attacking!
Chara is attacking!
Chara is attacking!
Chara is attacking!
Chara performed a jump!
Chara performed a jump!
Chara performed a jump!
Chara performed a jump!
Chara is attacking!
Chara is attacking!
Chara is attacking!
Chara is attacking!
Chara is attacking!
Chara is attacking!
Chara is attacking!
Chara is attacking!
Chara is attacking!
Chara is attacking!
Chara is attacking!
Chara is attacking!
Item created: Basic Helmet with type 2
Armor created: Basic Helmet with type 2
Chara is attacking!
Chara is attacking!
Chara is attacking!
Chara is attacking!
Chara performed a jump!
Chara performed a jump!
Chara performed a jump!
Chara performed a jump!
Chara performed a jump!
Chara performed a jump!
Chara is attacking!
Chara is attacking!
Chara is attacking!
Chara is attacking!
Chara is attacking!
Chara is attacking!
Chara is attacking!
Chara is attacking!
Chara performed a jump!
Chara performed a jump!
Chara performed a jump!
Chara performed a jump!
Chara performed a jump!
Chara performed a jump!
Chara is attacking!
Chara is attacking!
Chara is attacking!
Chara is attacking!
Chara is attacking!
Chara is attacking!
Chara is attacking!
Chara is attacking!
Chara is attacking!
Chara is attacking!
Chara is attacking!
Chara is attacking!
Chara is attacking!
Chara is attacking!
Chara performed a jump!
Chara performed a jump!
Chara performed a jump!
Chara performed a jump!
Chara is attacking!
Chara is attacking!
Chara is attacking!
Chara is attacking!
Chara is attacking!
Chara is attacking!
Chara is attacking!
Chara is attacking!
Chara is attacking!
Chara is attacking!
Chara is attacking!
Chara is attacking!
Chara is attacking!
Chara is attacking!
Chara is attacking!
Chara is attacking!
Chara is attacking!
Chara is attacking!
Chara is attacking!
Chara is attacking!
Chara is attacking!
Chara is attacking!
Chara is attacking!
Chara is attacking!
Chara is attacking!
Chara is attacking!
Chara is attacking!
Chara is attacking!
