Generating 5 room(s)
Added room at (7, 25) with size (20x8)
Added room at (11, 120) with size (20x8)
Added room at (24, 52) with size (10x11)
Added room at (13, 91) with size (20x8)
Added room at (37, 114) with size (10x11)
Total rooms generated: 5
Connecting rooms...
Connecting room 0 at (17, 29) to room 1 at (21, 124)
Corridor intersects with room at (29, 57). Creating corridors to bypass.
Creating corridor from (17, 29) to (29, 57)
Creating corridor from (29, 57) to (21, 124)
Connecting room 1 at (21, 124) to room 2 at (29, 57)
Corridor intersects with room at (23, 95). Creating corridors to bypass.
Creating corridor from (21, 124) to (23, 95)
Creating corridor from (23, 95) to (29, 57)
Connecting room 2 at (29, 57) to room 3 at (23, 95)
Creating corridor from (29, 57) to (23, 95)
Connecting room 3 at (23, 95) to room 4 at (42, 119)
Corridor intersects with room at (29, 57). Creating corridors to bypass.
Creating corridor from (23, 95) to (29, 57)
Creating corridor from (29, 57) to (42, 119)
Placing doors after corridors...
Placed door at (26, 27)
Placed door at (26, 28)
Placed door at (26, 29)
Placed door at (26, 30)
Placed door at (26, 31)
Placed door at (27, 52)
Placed door at (28, 52)
Placed door at (29, 52)
Placed door at (30, 52)
Placed door at (31, 52)
Placed door at (24, 55)
Placed door at (33, 55)
Placed door at (24, 56)
Placed door at (33, 56)
Placed door at (24, 57)
Placed door at (33, 57)
Placed door at (24, 58)
Placed door at (33, 58)
Placed door at (24, 59)
Placed door at (33, 59)
Placed door at (24, 60)
Placed door at (24, 61)
Placed door at (24, 62)
Placed door at (25, 62)
Placed door at (27, 62)
Placed door at (28, 62)
Placed door at (29, 62)
Placed door at (30, 62)
Placed door at (31, 62)
Placed door at (19, 91)
Placed door at (20, 91)
Placed door at (21, 91)
Placed door at (22, 91)
Placed door at (23, 91)
Placed door at (24, 91)
Placed door at (25, 91)
Placed door at (27, 91)
Placed door at (28, 91)
Placed door at (29, 91)
Placed door at (30, 91)
Placed door at (31, 91)
Placed door at (19, 98)
Placed door at (20, 98)
Placed door at (21, 98)
Placed door at (22, 98)
Placed door at (23, 98)
Placed door at (24, 98)
Placed door at (25, 98)
Placed door at (40, 114)
Placed door at (41, 114)
Placed door at (42, 114)
Placed door at (43, 114)
Placed door at (44, 114)
Placed door at (19, 120)
Placed door at (20, 120)
Placed door at (21, 120)
Placed door at (22, 120)
Placed door at (23, 120)
Placed door at (24, 120)
Placed door at (25, 120)
Converted wall to door at (26, 62)
Converted wall to door at (26, 91)
    Placed end point in room 0 at (17, 29)
    Placed start point in room 2 at (23, 95)
Level generated successfully.
